<?xml version="1.0" encoding="UTF-8"?>
<!-- Generated by org.testng.reporters.JUnitReportReporter -->
<testsuite hostname="MWDH-Work2" failures="0" tests="1" name="ass2W9D3.ChromeWebDriverAss2W9D3" time="2.208" errors="0" timestamp="2022-08-02T03:47:16 AST" skipped="0">
  <testcase classname="ass2W9D3.ChromeWebDriverAss2W9D3" name="LearnEnglishWebSite" time="2.208"/>
  <system-out/>
</testsuite> <!-- ass2W9D3.ChromeWebDriverAss2W9D3 -->
